<?xml version="1.0" encoding="UTF-8"?>
<testsuite name="com.wakaleo.gameoflife.domain.WhenYouCreateANewUniverse" tests="11" skipped="0" failures="0" errors="0" timestamp="2016-07-07T07:15:45" hostname="IBM801-PC0CRMUX" time="0.0">
  <properties/>
  <testcase name="aUserCanAssignALiveCellAtAGivenPointInTheGrid" classname="com.wakaleo.gameoflife.domain.WhenYouCreateANewUniverse" time="0.0"/>
  <testcase name="aUniverseCanBeInitializedWithAnyDimension" classname="com.wakaleo.gameoflife.domain.WhenYouCreateANewUniverse" time="0.0"/>
  <testcase name="aUniverseSeededWithAnEmpyGridContentWillContainAnEmptyGrid" classname="com.wakaleo.gameoflife.domain.WhenYouCreateANewUniverse" time="0.0"/>
  <testcase name="aUserCanReadADeadCellValueAtAGivenPointInTheGrid" classname="com.wakaleo.gameoflife.domain.WhenYouCreateANewUniverse" time="0.0"/>
  <testcase name="aUserCanObtainTheGridContentsAsAnArrayOfCells" classname="com.wakaleo.gameoflife.domain.WhenYouCreateANewUniverse" time="0.0"/>
  <testcase name="aUserCanReadALiveCellValueAtAGivenPointInTheGrid" classname="com.wakaleo.gameoflife.domain.WhenYouCreateANewUniverse" time="0.0"/>
  <testcase name="aUserCanAssignADeadCellAtAGivenPointInTheGrid" classname="com.wakaleo.gameoflife.domain.WhenYouCreateANewUniverse" time="0.0"/>
  <testcase name="aUniverseSeededWithAGridContainingASingleLiveCellContentWillSpawnAnEmptyGrid" classname="com.wakaleo.gameoflife.domain.WhenYouCreateANewUniverse" time="0.0"/>
  <testcase name="aUniverseSeededWithAGridWithLivingCellsContentWillContainThatGrid" classname="com.wakaleo.gameoflife.domain.WhenYouCreateANewUniverse" time="0.0"/>
  <testcase name="aUniverseSpawnsANewGridInTheNextGeneration" classname="com.wakaleo.gameoflife.domain.WhenYouCreateANewUniverse" time="0.0"/>
  <testcase name="aNewUniverseShouldContainOnlyDeadCells" classname="com.wakaleo.gameoflife.domain.WhenYouCreateANewUniverse" time="0.0"/>
  <system-out><![CDATA[]]></system-out>
  <system-err><![CDATA[]]></system-err>
</testsuite>
