<?xml version="1.0" encoding="UTF-8"?>
<testsuite name="com.wakaleo.gameoflife.hamcrest.WhenIUseMyCustomHamcrestMatchers" tests="2" skipped="0" failures="0" errors="0" timestamp="2016-07-07T07:15:45" hostname="IBM801-PC0CRMUX" time="0.0">
  <properties/>
  <testcase name="weCanUseCustomMatchersWithOtherMatchers" classname="com.wakaleo.gameoflife.hamcrest.WhenIUseMyCustomHamcrestMatchers" time="0.0"/>
  <testcase name="thehasSizeMatcherShouldMatchACollectionWithExpectedSize" classname="com.wakaleo.gameoflife.hamcrest.WhenIUseMyCustomHamcrestMatchers" time="0.0"/>
  <system-out><![CDATA[]]></system-out>
  <system-err><![CDATA[]]></system-err>
</testsuite>
